  [4;36;1mSQL (0.7ms)[0m   [0;1m SELECT name
 FROM sqlite_master
 WHERE type = 'table' AND NOT name = 'sqlite_sequence'
[0m
  [4;35;1mSQL (0.6ms)[0m   [0mselect sqlite_version(*)[0m
  [4;36;1mSQL (33.6ms)[0m   [0;1mCREATE TABLE "schema_migrations" ("version" varchar(255) NOT NULL) [0m
  [4;35;1mSQL (3.7ms)[0m   [0mCREATE UNIQUE INDEX "unique_schema_migrations" ON "schema_migrations" ("version")[0m
  [4;36;1mSQL (0.9ms)[0m   [0;1m SELECT name
 FROM sqlite_master
 WHERE type = 'table' AND NOT name = 'sqlite_sequence'
[0m
  [4;35;1mSQL (0.4ms)[0m   [0mSELECT version FROM schema_migrations[0m
Migrating to CreateSocietes (20100131210119)
  [4;36;1mSQL (1.1ms)[0m   [0;1mCREATE TABLE "societes" ("id" INTEGER PRIMARY KEY AUTOINCREMENT NOT NULL, "nom" varchar(255), "adresse" varchar(255), "adresse1" varchar(255), "ville" varchar(255), "adresse_web" varchar(255), "tel_1" varchar(255), "tel_2" varchar(255), "fax" varchar(255), "commantaire" text, "alert" text, "siret" integer, "naf" varchar(255), "created_at" datetime, "updated_at" datetime) [0m
  [4;35;1mSQL (0.4ms)[0m   [0mINSERT INTO schema_migrations (version) VALUES ('20100131210119')[0m
Migrating to CreateContacts (20100131210129)
  [4;36;1mSQL (0.8ms)[0m   [0;1mCREATE TABLE "contacts" ("id" INTEGER PRIMARY KEY AUTOINCREMENT NOT NULL, "created_at" datetime, "updated_at" datetime) [0m
  [4;35;1mSQL (0.4ms)[0m   [0mINSERT INTO schema_migrations (version) VALUES ('20100131210129')[0m
Migrating to CreateAppels (20100131210136)
  [4;36;1mSQL (0.8ms)[0m   [0;1mCREATE TABLE "appels" ("id" INTEGER PRIMARY KEY AUTOINCREMENT NOT NULL, "created_at" datetime, "updated_at" datetime) [0m
  [4;35;1mSQL (0.4ms)[0m   [0mINSERT INTO schema_migrations (version) VALUES ('20100131210136')[0m
  [4;36;1mSQL (1.2ms)[0m   [0;1m SELECT name
 FROM sqlite_master
 WHERE type = 'table' AND NOT name = 'sqlite_sequence'
[0m
  [4;35;1mSQL (1.0ms)[0m   [0mSELECT version FROM schema_migrations[0m
  [4;36;1mSQL (1.2ms)[0m   [0;1m SELECT name
 FROM sqlite_master
 WHERE type = 'table' AND NOT name = 'sqlite_sequence'
[0m
  [4;35;1mSQL (0.2ms)[0m   [0mPRAGMA index_list("appels")[0m
  [4;36;1mSQL (0.2ms)[0m   [0;1mPRAGMA index_list("contacts")[0m
  [4;35;1mSQL (0.2ms)[0m   [0mPRAGMA index_list("societes")[0m


Processing Rails::InfoController#properties (for 83.206.242.177 at 2010-02-01 09:53:16) [GET]
  [4;36;1mSQL (2.2ms)[0m   [0;1m SELECT name
 FROM sqlite_master
 WHERE type = 'table' AND NOT name = 'sqlite_sequence'
[0m
  [4;35;1mSQL (1.0ms)[0m   [0mSELECT version FROM schema_migrations[0m
Completed in 79ms (View: 9, DB: 3) | 200 OK [http://bellule.dyndns.org/rails/info/properties]


Processing Rails::InfoController#properties (for 83.206.242.177 at 2010-02-01 09:53:25) [GET]
  [4;36;1mSQL (1.9ms)[0m   [0;1m SELECT name
 FROM sqlite_master
 WHERE type = 'table' AND NOT name = 'sqlite_sequence'
[0m
  [4;35;1mSQL (1.0ms)[0m   [0mSELECT version FROM schema_migrations[0m
Completed in 33ms (View: 3, DB: 3) | 200 OK [http://bellule.dyndns.org/rails/info/properties]


Processing Rails::InfoController#properties (for 83.206.242.177 at 2010-02-01 09:56:01) [GET]
  [4;36;1mSQL (1.8ms)[0m   [0;1m SELECT name
 FROM sqlite_master
 WHERE type = 'table' AND NOT name = 'sqlite_sequence'
[0m
  [4;35;1mSQL (1.1ms)[0m   [0mSELECT version FROM schema_migrations[0m
Completed in 35ms (View: 3, DB: 3) | 200 OK [http://bellule.dyndns.org/rails/info/properties]
